<?xml version="1.0" encoding="UTF-8"?>
<!-- Generated by org.testng.reporters.JUnitReportReporter -->
<testsuite skipped="0" hostname="DESKTOP-DDJ9P88" name="com.training.sanity.tests.LoginTests" tests="1" failures="0" timestamp="30 Jan 2020 05:43:10 GMT" time="5.749" errors="0">
  <testcase name="validLoginTest" time="5.749" classname="com.training.sanity.tests.LoginTests"/>
</testsuite> <!-- com.training.sanity.tests.LoginTests -->
